<?xml version="1.0" encoding="UTF-8"?>
<!-- Generated by org.testng.reporters.JUnitReportReporter -->
<testsuite hostname="TLAPT24869" failures="0" tests="1" name="com.svc.testLayer.SpecializationTest" time="22.030" errors="0" timestamp="23 Feb 2024 10:17:24 GMT" skipped="0">
  <testcase classname="com.svc.testLayer.SpecializationTest" name="verifySpecialization" time="22.030"/>
</testsuite> <!-- com.svc.testLayer.SpecializationTest -->
