<?xml version="1.0" encoding="UTF-8"?>
<!-- Generated by org.testng.reporters.JUnitReportReporter -->
<testsuite hostname="TLAPT24869" failures="0" tests="1" name="com.svc.testLayer.DemoClass" time="0.008" errors="0" timestamp="2024-02-22T16:38:44 IST" skipped="0">
  <testcase classname="com.svc.testLayer.DemoClass" name="Demo" time="0.008"/>
  <system-out/>
</testsuite> <!-- com.svc.testLayer.DemoClass -->
