<?xml version="1.0" encoding="UTF-8"?>
<!-- Generated by org.testng.reporters.JUnitReportReporter -->
<testsuite hostname="TLAPT24869" failures="0" tests="1" name="com.svc.testLayer.AssetDetailsTest" time="28.968" errors="0" timestamp="28 Feb 2024 12:32:16 GMT" skipped="0">
  <testcase classname="com.svc.testLayer.AssetDetailsTest" name="verifyAssetDetails" time="28.968"/>
</testsuite> <!-- com.svc.testLayer.AssetDetailsTest -->
