<?xml version="1.0" encoding="UTF-8"?>
<!-- Generated by org.testng.reporters.JUnitReportReporter -->
<testsuite hostname="TLAPT24869" failures="0" tests="1" name="com.svc.testLayer.ExampleClass" time="0.010" errors="0" timestamp="03 Apr 2024 11:30:31 GMT" skipped="0">
  <testcase classname="com.svc.testLayer.ExampleClass" name="DemoMethod" time="0.010"/>
</testsuite> <!-- com.svc.testLayer.ExampleClass -->
