<?xml version="1.0" encoding="UTF-8"?>
<!-- Generated by org.testng.reporters.JUnitReportReporter -->
<testsuite hostname="TLAPT24869" failures="0" tests="1" name="com.svc.utilities.ExtentReport" time="0.035" errors="0" timestamp="22 Mar 2024 06:00:26 GMT" skipped="0">
  <testcase classname="com.svc.utilities.ExtentReport" name="getExtentReprot" time="0.035"/>
</testsuite> <!-- com.svc.utilities.ExtentReport -->
