<?xml version="1.0" encoding="UTF-8"?>
<!-- Generated by org.testng.reporters.JUnitReportReporter -->
<testsuite hostname="TLAPT24869" failures="0" tests="1" name="com.svc.testLayer.SlotConfigurationTest" time="40.207" errors="0" timestamp="26 Feb 2024 11:49:02 GMT" skipped="0">
  <testcase classname="com.svc.testLayer.SlotConfigurationTest" name="verifySlotConfiguration" time="40.207"/>
</testsuite> <!-- com.svc.testLayer.SlotConfigurationTest -->
