<?xml version="1.0" encoding="UTF-8"?>
<!-- Generated by org.testng.reporters.JUnitReportReporter -->
<testsuite hostname="TLAPT24869" failures="0" tests="1" name="com.svc.testLayer.AssetMasterTest" time="27.417" errors="0" timestamp="27 Feb 2024 11:23:55 GMT" skipped="0">
  <testcase classname="com.svc.testLayer.AssetMasterTest" name="verifyAssetMaster" time="27.417"/>
</testsuite> <!-- com.svc.testLayer.AssetMasterTest -->
