<?xml version="1.0" encoding="UTF-8"?>
<!-- Generated by org.testng.reporters.JUnitReportReporter -->
<testsuite hostname="TLAPT24869" failures="0" tests="1" name="com.svc.testLayer.CommandCenterTest" time="26.086" errors="0" timestamp="23 Feb 2024 12:27:52 GMT" skipped="0">
  <testcase classname="com.svc.testLayer.CommandCenterTest" name="verifyCommandCenter" time="26.086"/>
</testsuite> <!-- com.svc.testLayer.CommandCenterTest -->
