<?xml version="1.0" encoding="UTF-8"?>
<!-- Generated by org.testng.reporters.JUnitReportReporter -->
<testsuite hostname="TLAPT24869" failures="0" tests="1" name="com.svc.testLayer.Demoexample" time="0.008" errors="0" timestamp="2024-02-22T15:47:25 IST" skipped="0">
  <testcase classname="com.svc.testLayer.Demoexample" name="Example" time="0.008"/>
  <system-out/>
</testsuite> <!-- com.svc.testLayer.Demoexample -->
